19/01/22 17:52:49 WARN NativeCodeLoader: Unable to load native-hadoop library for your platform... using builtin-java classes where applicable
19/01/22 17:52:50 INFO SparkContext: Running Spark version 2.3.2
19/01/22 17:52:50 INFO SparkContext: Submitted application: sparklyr
19/01/22 17:52:50 INFO SecurityManager: Changing view acls to: ardalanmirshani
19/01/22 17:52:50 INFO SecurityManager: Changing modify acls to: ardalanmirshani
19/01/22 17:52:50 INFO SecurityManager: Changing view acls groups to: 
19/01/22 17:52:50 INFO SecurityManager: Changing modify acls groups to: 
19/01/22 17:52:50 INFO SecurityManager: SecurityManager: authentication disabled; ui acls disabled; users  with view permissions: Set(ardalanmirshani); groups with view permissions: Set(); users  with modify permissions: Set(ardalanmirshani); groups with modify permissions: Set()
19/01/22 17:52:50 INFO Utils: Successfully started service 'sparkDriver' on port 55692.
19/01/22 17:52:50 INFO SparkEnv: Registering MapOutputTracker
19/01/22 17:52:50 INFO SparkEnv: Registering BlockManagerMaster
19/01/22 17:52:50 INFO BlockManagerMasterEndpoint: Using org.apache.spark.storage.DefaultTopologyMapper for getting topology information
19/01/22 17:52:50 INFO BlockManagerMasterEndpoint: BlockManagerMasterEndpoint up
19/01/22 17:52:50 INFO DiskBlockManager: Created local directory at /private/var/folders/tl/f6tppwwn18v9_3_7kl6grh240000gn/T/blockmgr-1a2c5cd7-6930-4176-9e79-f729b6f0132e
19/01/22 17:52:50 INFO MemoryStore: MemoryStore started with capacity 366.3 MB
19/01/22 17:52:50 INFO SparkEnv: Registering OutputCommitCoordinator
19/01/22 17:52:50 INFO Utils: Successfully started service 'SparkUI' on port 4040.
19/01/22 17:52:50 INFO SparkUI: Bound SparkUI to 127.0.0.1, and started at http://localhost:4040
19/01/22 17:52:50 INFO SparkContext: Added JAR file:/Library/Frameworks/R.framework/Versions/3.5/Resources/library/sparklyr/java/sparklyr-2.3-2.11.jar at spark://localhost:55692/jars/sparklyr-2.3-2.11.jar with timestamp 1548208370678
19/01/22 17:52:50 INFO Executor: Starting executor ID driver on host localhost
19/01/22 17:52:50 INFO Utils: Successfully started service 'org.apache.spark.network.netty.NettyBlockTransferService' on port 55693.
19/01/22 17:52:50 INFO NettyBlockTransferService: Server created on localhost:55693
19/01/22 17:52:50 INFO BlockManager: Using org.apache.spark.storage.RandomBlockReplicationPolicy for block replication policy
19/01/22 17:52:50 INFO BlockManagerMaster: Registering BlockManager BlockManagerId(driver, localhost, 55693, None)
19/01/22 17:52:50 INFO BlockManagerMasterEndpoint: Registering block manager localhost:55693 with 366.3 MB RAM, BlockManagerId(driver, localhost, 55693, None)
19/01/22 17:52:50 INFO BlockManagerMaster: Registered BlockManager BlockManagerId(driver, localhost, 55693, None)
19/01/22 17:52:50 INFO BlockManager: Initialized BlockManager: BlockManagerId(driver, localhost, 55693, None)
19/01/22 17:52:51 WARN SparkContext: Using an existing SparkContext; some configuration may not take effect.
19/01/22 17:53:25 INFO SparkContext: Invoking stop() from shutdown hook
19/01/22 17:53:25 INFO SparkUI: Stopped Spark web UI at http://localhost:4040
19/01/22 17:53:25 INFO MapOutputTrackerMasterEndpoint: MapOutputTrackerMasterEndpoint stopped!
19/01/22 17:53:25 INFO MemoryStore: MemoryStore cleared
19/01/22 17:53:25 INFO BlockManager: BlockManager stopped
19/01/22 17:53:25 INFO BlockManagerMaster: BlockManagerMaster stopped
19/01/22 17:53:25 INFO OutputCommitCoordinator$OutputCommitCoordinatorEndpoint: OutputCommitCoordinator stopped!
19/01/22 17:53:25 INFO SparkContext: Successfully stopped SparkContext
19/01/22 17:53:25 INFO ShutdownHookManager: Shutdown hook called
19/01/22 17:53:25 INFO ShutdownHookManager: Deleting directory /private/var/folders/tl/f6tppwwn18v9_3_7kl6grh240000gn/T/spark-ae0051d0-b6a3-441e-9c42-c6eeff5d21ab
19/01/22 17:53:25 INFO ShutdownHookManager: Deleting directory /private/var/folders/tl/f6tppwwn18v9_3_7kl6grh240000gn/T/spark-7af890d5-cf0b-4106-8e44-b03fadc9653a
19/01/22 17:53:35 WARN NativeCodeLoader: Unable to load native-hadoop library for your platform... using builtin-java classes where applicable
19/01/22 17:53:35 INFO SparkContext: Running Spark version 2.3.2
19/01/22 17:53:35 INFO SparkContext: Submitted application: sparklyr
19/01/22 17:53:35 INFO SecurityManager: Changing view acls to: ardalanmirshani
19/01/22 17:53:35 INFO SecurityManager: Changing modify acls to: ardalanmirshani
19/01/22 17:53:35 INFO SecurityManager: Changing view acls groups to: 
19/01/22 17:53:35 INFO SecurityManager: Changing modify acls groups to: 
19/01/22 17:53:35 INFO SecurityManager: SecurityManager: authentication disabled; ui acls disabled; users  with view permissions: Set(ardalanmirshani); groups with view permissions: Set(); users  with modify permissions: Set(ardalanmirshani); groups with modify permissions: Set()
19/01/22 17:53:36 INFO Utils: Successfully started service 'sparkDriver' on port 55785.
19/01/22 17:53:36 INFO SparkEnv: Registering MapOutputTracker
19/01/22 17:53:36 INFO SparkEnv: Registering BlockManagerMaster
19/01/22 17:53:36 INFO BlockManagerMasterEndpoint: Using org.apache.spark.storage.DefaultTopologyMapper for getting topology information
19/01/22 17:53:36 INFO BlockManagerMasterEndpoint: BlockManagerMasterEndpoint up
19/01/22 17:53:36 INFO DiskBlockManager: Created local directory at /private/var/folders/tl/f6tppwwn18v9_3_7kl6grh240000gn/T/blockmgr-9e62fec7-04b2-401d-a421-b13c27d87624
19/01/22 17:53:36 INFO MemoryStore: MemoryStore started with capacity 366.3 MB
19/01/22 17:53:36 INFO SparkEnv: Registering OutputCommitCoordinator
19/01/22 17:53:36 INFO Utils: Successfully started service 'SparkUI' on port 4040.
19/01/22 17:53:36 INFO SparkUI: Bound SparkUI to 127.0.0.1, and started at http://localhost:4040
19/01/22 17:53:36 INFO SparkContext: Added JAR file:/Library/Frameworks/R.framework/Versions/3.5/Resources/library/sparklyr/java/sparklyr-2.3-2.11.jar at spark://localhost:55785/jars/sparklyr-2.3-2.11.jar with timestamp 1548208416519
19/01/22 17:53:36 INFO Executor: Starting executor ID driver on host localhost
19/01/22 17:53:36 INFO Utils: Successfully started service 'org.apache.spark.network.netty.NettyBlockTransferService' on port 55786.
19/01/22 17:53:36 INFO NettyBlockTransferService: Server created on localhost:55786
19/01/22 17:53:36 INFO BlockManager: Using org.apache.spark.storage.RandomBlockReplicationPolicy for block replication policy
19/01/22 17:53:36 INFO BlockManagerMaster: Registering BlockManager BlockManagerId(driver, localhost, 55786, None)
19/01/22 17:53:36 INFO BlockManagerMasterEndpoint: Registering block manager localhost:55786 with 366.3 MB RAM, BlockManagerId(driver, localhost, 55786, None)
19/01/22 17:53:36 INFO BlockManagerMaster: Registered BlockManager BlockManagerId(driver, localhost, 55786, None)
19/01/22 17:53:36 INFO BlockManager: Initialized BlockManager: BlockManagerId(driver, localhost, 55786, None)
19/01/22 17:53:37 WARN SparkContext: Using an existing SparkContext; some configuration may not take effect.
19/01/22 17:53:42 INFO SparkContext: Invoking stop() from shutdown hook
19/01/22 17:53:42 INFO SparkUI: Stopped Spark web UI at http://localhost:4040
19/01/22 17:53:42 INFO MapOutputTrackerMasterEndpoint: MapOutputTrackerMasterEndpoint stopped!
19/01/22 17:53:42 INFO MemoryStore: MemoryStore cleared
19/01/22 17:53:42 INFO BlockManager: BlockManager stopped
19/01/22 17:53:42 INFO BlockManagerMaster: BlockManagerMaster stopped
19/01/22 17:53:42 INFO OutputCommitCoordinator$OutputCommitCoordinatorEndpoint: OutputCommitCoordinator stopped!
19/01/22 17:53:42 INFO SparkContext: Successfully stopped SparkContext
19/01/22 17:53:42 INFO ShutdownHookManager: Shutdown hook called
19/01/22 17:53:42 INFO ShutdownHookManager: Deleting directory /private/var/folders/tl/f6tppwwn18v9_3_7kl6grh240000gn/T/spark-e42448ee-60e8-43fd-ab6e-5be8c3d6e2cc
19/01/22 17:53:42 INFO ShutdownHookManager: Deleting directory /private/var/folders/tl/f6tppwwn18v9_3_7kl6grh240000gn/T/spark-8307e0cc-486b-45dc-a519-39aa8d075e54
